<?xml version="1.0" encoding="UTF-8"?>
<testsuite name="MobileBankApiTestV2" tests="1" skipped="0" failures="0" errors="0" timestamp="2024-04-07T04:27:08" hostname="WIN-DRVT168G51C" time="0.203">
  <properties/>
  <testcase name="shouldReturnDemoAccounts()" classname="MobileBankApiTestV2" time="0.203"/>
  <system-out><![CDATA[]]></system-out>
  <system-err><![CDATA[]]></system-err>
</testsuite>
