<?xml version="1.0" encoding="UTF-8"?>
<testsuite name="MobileBankApiTestV4" tests="1" skipped="0" failures="0" errors="0" timestamp="2024-04-07T04:26:47" hostname="WIN-DRVT168G51C" time="21.131">
  <properties/>
  <testcase name="shouldReturnDemoAccounts()" classname="MobileBankApiTestV4" time="21.131"/>
  <system-out><![CDATA[]]></system-out>
  <system-err><![CDATA[Warning: Nashorn engine is planned to be removed from a future JDK release
]]></system-err>
</testsuite>
